<?xml version="1.0" encoding="UTF-8" standalone="yes" ?>
<beans xmlns="http://www.springframework.org/schema/beans"
	xmlns:xsi="http://www.w3.org/2001/XMLSchema-instance" xmlns:mvc="http://www.springframework.org/schema/mvc"
	xmlns:context="http://www.springframework.org/schema/context" xmlns:tx="http://www.springframework.org/schema/tx" xmlns:aop="http://www.springframework.org/schema/aop"
	xsi:schemaLocation="http://www.springframework.org/schema/beans http://www.springframework.org/schema/beans/spring-beans-3.0.xsd
		http://www.springframework.org/schema/mvc http://www.springframework.org/schema/mvc/spring-mvc-3.0.xsd	
		http://www.springframework.org/schema/context http://www.springframework.org/schema/context/spring-context-3.0.xsd
		http://www.springframework.org/schema/tx http://www.springframework.org/schema/tx/spring-tx.xsd
		http://www.springframework.org/schema/aop http://www.springframework.org/schema/aop/spring-aop-3.0.xsd"
	default-autowire="byName">

	<aop:aspectj-autoproxy proxy-target-class="true"/>	
	<context:component-scan base-package="org.spring.cdi.decorator.processor.aop" scoped-proxy="targetClass">
		<context:include-filter type="annotation" expression="javax.decorator.Decorator" />
	</context:component-scan>
	
	<bean class="org.spring.cdi.decorator.resolver.aop.NotVeryUsefulAspect"/>
	
</beans>
