<?xml version="1.0" encoding="UTF-8"?>
<beans xmlns="http://www.springframework.org/schema/beans"
	xmlns:xsi="http://www.w3.org/2001/XMLSchema-instance" xmlns:mvc="http://www.springframework.org/schema/mvc"
	xmlns:context="http://www.springframework.org/schema/context" xmlns:tx="http://www.springframework.org/schema/tx"
	xsi:schemaLocation="http://www.springframework.org/schema/beans http://www.springframework.org/schema/beans/spring-beans-3.0.xsd
		http://www.springframework.org/schema/mvc http://www.springframework.org/schema/mvc/spring-mvc-3.0.xsd	
		http://www.springframework.org/schema/context http://www.springframework.org/schema/context/spring-context-3.0.xsd
		http://www.springframework.org/schema/tx http://www.springframework.org/schema/tx/spring-tx.xsd"
	default-autowire="byName">

	<context:component-scan base-package="org.spring.cdi.decorator.resolver.longsinglechain" scoped-proxy="targetClass">
		<context:include-filter type="annotation" expression="javax.decorator.Decorator" />
	</context:component-scan>

	<context:component-scan base-package="org.spring.cdi.decorator.resolver.longtwochains" scoped-proxy="targetClass">
		<context:include-filter type="annotation" expression="javax.decorator.Decorator" />
	</context:component-scan>

	<bean
		class="org.springframework.beans.factory.annotation.AutowiredAnnotationBeanPostProcessor">
		<property name="autowiredAnnotationTypes">
			<set>
				<value>org.springframework.beans.factory.annotation.Autowired</value>
				<value>org.springframework.beans.factory.annotation.Value</value>
				<value>javax.inject.Inject</value>
			</set>
		</property>
	</bean>

	<bean class="org.springframework.beans.factory.config.CustomScopeConfigurer">
		<property name="scopes">
			<map>
				<entry key="session">
					<bean class="org.spring.cdi.decorator.testsupport.SetupSession" />
				</entry>
			</map>
		</property>
	</bean>
	
</beans>
